Using pre-set license
Built from '2020.3/staging' branch; Version is '2020.3.4f1 (0abb6314276a) revision 703331'; Using compiler version '192528614'; Build Type 'Release'
OS: 'Windows 7  (6.1.0) 64bit' Language: 'en' Physical Memory: 8134 MB
BatchMode: 1, IsHumanControllingUs: 0, StartBugReporterOnCrash: 0, Is64bit: 1, IsPro: 0

 COMMAND LINE ARGUMENTS:
C:\Program Files\Unity\Hub\Editor\2020.3.4f1\Editor\Unity.exe
-adb2
-batchMode
-noUpm
-name
AssetImportWorker0
-projectPath
C:/Users/P/OneDrive - School District No. 36 (Surrey)/game and app/Rube-Goldberg-Alison/Rowell Unit 1 Learning
-logFile
Logs/AssetImportWorker0.log
-srvPort
61907
Successfully changed project path to: C:/Users/P/OneDrive - School District No. 36 (Surrey)/game and app/Rube-Goldberg-Alison/Rowell Unit 1 Learning
C:/Users/P/OneDrive - School District No. 36 (Surrey)/game and app/Rube-Goldberg-Alison/Rowell Unit 1 Learning
Using Asset Import Pipeline V2.
Refreshing native plugins compatible for Editor in 28.03 ms, found 0 plugins.
Preloading 0 native plugins for Editor in 0.00 ms.
Initialize engine version: 2020.3.4f1 (0abb6314276a)
[Subsystems] Discovering subsystems at path C:/Program Files/Unity/Hub/Editor/2020.3.4f1/Editor/Data/Resources/UnitySubsystems
[Subsystems] Discovering subsystems at path C:/Users/P/OneDrive - School District No. 36 (Surrey)/game and app/Rube-Goldberg-Alison/Rowell Unit 1 Learning/Assets
GfxDevice: creating device client; threaded=0
d3d11: CreateDXGIFactory2(...) not found, fallbacking to CreateDXGIFactory1(...).
d3d11: QueryInterface(IDXGIFactory5) failed (80004002).
Direct3D:
    Version:  Direct3D 11.0 [level 11.0]
    Renderer: NVIDIA GeForce GTX 960 (ID=0x1401)
    Vendor:   
    VRAM:     1960 MB
    Driver:   27.21.14.6089
Initialize mono
Mono path[0] = 'C:/Program Files/Unity/Hub/Editor/2020.3.4f1/Editor/Data/Managed'
Mono path[1] = 'C:/Program Files/Unity/Hub/Editor/2020.3.4f1/Editor/Data/MonoBleedingEdge/lib/mono/unityjit'
Mono config path = 'C:/Program Files/Unity/Hub/Editor/2020.3.4f1/Editor/Data/MonoBleedingEdge/etc'
Using monoOptions --debugger-agent=transport=dt_socket,embedding=1,server=y,suspend=n,address=127.0.0.1:56780
Begin MonoManager ReloadAssembly
Registering precompiled unity dll's ...
Register platform support module: C:/Program Files/Unity/Hub/Editor/2020.3.4f1/Editor/Data/PlaybackEngines/WebGLSupport/UnityEditor.WebGL.Extensions.dll
Register platform support module: C:/Program Files/Unity/Hub/Editor/2020.3.4f1/Editor/Data/PlaybackEngines/WindowsStandaloneSupport/UnityEditor.WindowsStandalone.Extensions.dll
Registered in 0.002264 seconds.
Native extension for WindowsStandalone target not found
Native extension for WebGL target not found
Refreshing native plugins compatible for Editor in 31.03 ms, found 0 plugins.
Preloading 0 native plugins for Editor in 0.00 ms.
Mono: successfully reloaded assembly
- Completed reload, in  1.555 seconds
Platform modules already initialized, skipping
Registering precompiled user dll's ...
Registered in 0.000893 seconds.
Begin MonoManager ReloadAssembly
Native extension for WindowsStandalone target not found
Native extension for WebGL target not found
Refreshing native plugins compatible for Editor in 0.26 ms, found 0 plugins.
Preloading 0 native plugins for Editor in 0.00 ms.
Mono: successfully reloaded assembly
- Completed reload, in  0.942 seconds
Platform modules already initialized, skipping
========================================================================
Worker process is ready to serve import requests
Launched and connected shader compiler UnityShaderCompiler.exe after 0.04 seconds
Refreshing native plugins compatible for Editor in 0.26 ms, found 0 plugins.
Preloading 0 native plugins for Editor in 0.00 ms.
Unloading 1138 Unused Serialized files (Serialized files now loaded: 0)
System memory in use before: 72.4 MB.
System memory in use after: 72.5 MB.

Unloading 9 unused Assets to reduce memory usage. Loaded Objects now: 1601.
Total: 2.191660 ms (FindLiveObjects: 0.203198 ms CreateObjectMapping: 0.088319 ms MarkObjects: 1.796143 ms  DeleteObjects: 0.102719 ms)

========================================================================
Received Import Request.
  path: Assets/Terrain/NewLayer.terrainlayer
  artifactKey: Guid(7c0c5dcf82ea23f4384818f3e511377d) Importer(815301076,1909f56bfc062723c751e8b465ee728b)
Start importing Assets/Terrain/NewLayer.terrainlayer using Guid(7c0c5dcf82ea23f4384818f3e511377d) Importer(815301076,1909f56bfc062723c751e8b465ee728b)  -> (artifact id: '53edbd13941c0ffed0638273ca5d1443') in 0.461235 seconds
  Import took 0.476531 seconds .

========================================================================
Received Import Request.
  Time since last request: 55.911209 seconds.
  path: Assets/_TerrainAutoUpgrade/layer_GrassUV01GrassUV01_Nd668f1e20ece139b.terrainlayer
  artifactKey: Guid(55f0569109ee66e42bae5c131a1f99af) Importer(815301076,1909f56bfc062723c751e8b465ee728b)
Start importing Assets/_TerrainAutoUpgrade/layer_GrassUV01GrassUV01_Nd668f1e20ece139b.terrainlayer using Guid(55f0569109ee66e42bae5c131a1f99af) Importer(815301076,1909f56bfc062723c751e8b465ee728b)  -> (artifact id: 'dbe8207b8959985cf49e928ec1b3f504') in 0.148801 seconds
  Import took 0.162566 seconds .

========================================================================
Received Import Request.
  Time since last request: 45.066842 seconds.
  path: Assets/Terrain/New Terrain.asset
  artifactKey: Guid(df54aa4679124a94ba41239cb832a395) Importer(815301076,1909f56bfc062723c751e8b465ee728b)
Start importing Assets/Terrain/New Terrain.asset using Guid(df54aa4679124a94ba41239cb832a395) Importer(815301076,1909f56bfc062723c751e8b465ee728b)  -> (artifact id: '275d2bfd51fd0583e0ce5ba040333546') in 0.022782 seconds
  Import took 0.025957 seconds .

========================================================================
Received Import Request.
  Time since last request: 108.621755 seconds.
  path: Assets/Materials/Blue.mat
  artifactKey: Guid(ea651951f0f61424a95a07a6472a7f24) Importer(815301076,1909f56bfc062723c751e8b465ee728b)
Start importing Assets/Materials/Blue.mat using Guid(ea651951f0f61424a95a07a6472a7f24) Importer(815301076,1909f56bfc062723c751e8b465ee728b)  -> (artifact id: '233612e519fed83fcd29e0806f561afb') in 0.066779 seconds
  Import took 0.069580 seconds .

========================================================================
Received Import Request.
  Time since last request: 0.000308 seconds.
  path: Assets/Materials/Yellow.mat
  artifactKey: Guid(04607d0a28c21584594b656fc8d82eb3) Importer(815301076,1909f56bfc062723c751e8b465ee728b)
Start importing Assets/Materials/Yellow.mat using Guid(04607d0a28c21584594b656fc8d82eb3) Importer(815301076,1909f56bfc062723c751e8b465ee728b)  -> (artifact id: 'b58dd7c51c249df768caec6006e4dcd2') in 0.010950 seconds
  Import took 0.013247 seconds .

========================================================================
Received Import Request.
  Time since last request: 0.003419 seconds.
  path: Assets/Materials/Pink.mat
  artifactKey: Guid(a1fc5123e95693545b743997bfd1d361) Importer(815301076,1909f56bfc062723c751e8b465ee728b)
Start importing Assets/Materials/Pink.mat using Guid(a1fc5123e95693545b743997bfd1d361) Importer(815301076,1909f56bfc062723c751e8b465ee728b)  -> (artifact id: '0705a4fa8c3512854747ac5d8bd519eb') in 0.011038 seconds
  Import took 0.013399 seconds .

========================================================================
Received Import Request.
  Time since last request: 0.000428 seconds.
  path: Assets/Materials/Green.mat
  artifactKey: Guid(cfcb98b971d84514fb34ee23a7bbc4fe) Importer(815301076,1909f56bfc062723c751e8b465ee728b)
Start importing Assets/Materials/Green.mat using Guid(cfcb98b971d84514fb34ee23a7bbc4fe) Importer(815301076,1909f56bfc062723c751e8b465ee728b)  -> (artifact id: '4fa9cfd6ebdb1ba0593fd2d2377c2106') in 0.035438 seconds
  Import took 0.037798 seconds .

AssetImportWorkerClient::OnTransportError - code=2 error=End of file
